TN:
SF:assets/js/script.js
FN:2,isValidEmail
FN:17,initializeTheme
FN:34,(anonymous_2)
FN:42,initOwlIfNeeded
FN:60,(anonymous_4)
FN:64,(anonymous_5)
FN:68,(anonymous_6)
FN:83,destroyOwlIfNeeded
FN:134,labelCarouselDots
FN:135,(anonymous_9)
FN:149,markActiveImageLoaded
FN:150,(anonymous_11)
FN:155,(anonymous_12)
FN:164,(anonymous_13)
FN:172,ensureDotLabelsWithMutationObserver
FN:175,(anonymous_15)
FN:185,pollDotLabels
FN:188,(anonymous_17)
FN:198,trackEvent
FN:207,switchSection
FN:211,(anonymous_20)
FN:215,(anonymous_21)
FN:216,(anonymous_22)
FN:235,handleImageLoad
FN:243,(anonymous_24)
FN:247,(anonymous_25)
FN:254,(anonymous_26)
FN:264,toggleTheme
FN:294,(anonymous_28)
FN:348,(anonymous_29)
FN:357,(anonymous_30)
FN:358,(anonymous_31)
FN:369,(anonymous_32)
FN:376,(anonymous_33)
FN:385,(anonymous_34)
FN:396,(anonymous_35)
FN:438,(anonymous_36)
FN:440,(anonymous_37)
FN:455,(anonymous_38)
FN:457,(anonymous_39)
FN:468,showFormStatus
FN:477,(anonymous_41)
FN:482,handleSubmit
FN:494,(anonymous_43)
FN:547,(anonymous_44)
FN:571,(anonymous_45)
FN:573,(anonymous_46)
FN:582,(anonymous_47)
FN:595,(anonymous_48)
FN:601,(anonymous_49)
FN:610,(anonymous_50)
FN:618,(anonymous_51)
FN:625,(anonymous_52)
FN:632,(anonymous_53)
FN:649,(anonymous_54)
FN:660,(anonymous_55)
FN:662,(anonymous_56)
FN:670,(anonymous_57)
FN:678,(anonymous_58)
FN:686,(anonymous_59)
FN:693,(anonymous_60)
FN:696,(anonymous_61)
FN:697,(anonymous_62)
FN:702,(anonymous_63)
FNF:64
FNH:13
FNDA:43,isValidEmail
FNDA:7,initializeTheme
FNDA:1,(anonymous_2)
FNDA:1,initOwlIfNeeded
FNDA:0,(anonymous_4)
FNDA:0,(anonymous_5)
FNDA:0,(anonymous_6)
FNDA:0,destroyOwlIfNeeded
FNDA:0,labelCarouselDots
FNDA:0,(anonymous_9)
FNDA:1,markActiveImageLoaded
FNDA:0,(anonymous_11)
FNDA:0,(anonymous_12)
FNDA:0,(anonymous_13)
FNDA:1,ensureDotLabelsWithMutationObserver
FNDA:0,(anonymous_15)
FNDA:1,pollDotLabels
FNDA:0,(anonymous_17)
FNDA:0,trackEvent
FNDA:1,switchSection
FNDA:0,(anonymous_20)
FNDA:1,(anonymous_21)
FNDA:1,(anonymous_22)
FNDA:0,handleImageLoad
FNDA:0,(anonymous_24)
FNDA:0,(anonymous_25)
FNDA:0,(anonymous_26)
FNDA:0,toggleTheme
FNDA:0,(anonymous_28)
FNDA:0,(anonymous_29)
FNDA:1,(anonymous_30)
FNDA:1,(anonymous_31)
FNDA:0,(anonymous_32)
FNDA:0,(anonymous_33)
FNDA:0,(anonymous_34)
FNDA:0,(anonymous_35)
FNDA:0,(anonymous_36)
FNDA:0,(anonymous_37)
FNDA:0,(anonymous_38)
FNDA:0,(anonymous_39)
FNDA:0,showFormStatus
FNDA:0,(anonymous_41)
FNDA:0,handleSubmit
FNDA:0,(anonymous_43)
FNDA:0,(anonymous_44)
FNDA:1,(anonymous_45)
FNDA:0,(anonymous_46)
FNDA:0,(anonymous_47)
FNDA:0,(anonymous_48)
FNDA:0,(anonymous_49)
FNDA:0,(anonymous_50)
FNDA:0,(anonymous_51)
FNDA:0,(anonymous_52)
FNDA:0,(anonymous_53)
FNDA:0,(anonymous_54)
FNDA:0,(anonymous_55)
FNDA:0,(anonymous_56)
FNDA:0,(anonymous_57)
FNDA:0,(anonymous_58)
FNDA:0,(anonymous_59)
FNDA:0,(anonymous_60)
FNDA:0,(anonymous_61)
FNDA:0,(anonymous_62)
FNDA:0,(anonymous_63)
DA:3,43
DA:4,37
DA:7,37
DA:8,37
DA:10,12
DA:12,11
DA:13,11
DA:19,7
DA:22,7
DA:23,7
DA:24,7
DA:26,7
DA:30,2
DA:32,1
DA:34,1
DA:36,1
DA:39,1
DA:40,1
DA:43,1
DA:44,1
DA:45,0
DA:61,0
DA:62,0
DA:65,0
DA:66,0
DA:69,0
DA:70,0
DA:77,0
DA:79,1
DA:84,0
DA:85,0
DA:86,0
DA:87,0
DA:90,0
DA:92,0
DA:93,0
DA:135,0
DA:136,0
DA:138,0
DA:139,0
DA:141,0
DA:142,0
DA:143,0
DA:145,0
DA:150,1
DA:151,0
DA:152,0
DA:153,0
DA:155,0
DA:156,0
DA:162,1
DA:165,0
DA:169,1
DA:172,1
DA:173,1
DA:174,1
DA:175,0
DA:176,0
DA:178,0
DA:180,0
DA:185,1
DA:186,1
DA:187,1
DA:188,1
DA:189,0
DA:190,0
DA:191,0
DA:192,0
DA:199,0
DA:200,0
DA:205,1
DA:208,1
DA:209,1
DA:211,1
DA:212,0
DA:215,1
DA:216,1
DA:217,1
DA:219,1
DA:220,0
DA:223,1
DA:224,1
DA:225,1
DA:227,0
DA:236,0
DA:237,0
DA:238,0
DA:243,1
DA:244,0
DA:245,0
DA:247,0
DA:248,0
DA:254,1
DA:255,0
DA:256,0
DA:260,1
DA:261,1
DA:265,0
DA:266,0
DA:268,0
DA:269,0
DA:272,0
DA:273,0
DA:274,0
DA:278,0
DA:279,0
DA:286,1
DA:287,1
DA:288,1
DA:289,1
DA:293,1
DA:294,1
DA:295,0
DA:296,0
DA:297,0
DA:314,1
DA:315,1
DA:316,1
DA:317,1
DA:348,1
DA:349,0
DA:350,0
DA:352,0
DA:353,0
DA:354,0
DA:357,1
DA:358,1
DA:359,1
DA:360,1
DA:361,0
DA:363,1
DA:365,1
DA:366,1
DA:369,1
DA:370,0
DA:371,0
DA:373,0
DA:376,1
DA:377,0
DA:378,0
DA:380,0
DA:381,0
DA:382,0
DA:385,1
DA:386,0
DA:387,0
DA:388,0
DA:390,0
DA:391,0
DA:392,0
DA:396,1
DA:397,0
DA:398,0
DA:399,0
DA:400,0
DA:401,0
DA:403,0
DA:407,0
DA:408,0
DA:409,0
DA:438,1
DA:440,0
DA:442,0
DA:445,0
DA:446,0
DA:449,0
DA:455,1
DA:456,0
DA:457,0
DA:459,0
DA:462,0
DA:463,0
DA:469,0
DA:470,0
DA:476,0
DA:477,0
DA:483,0
DA:484,0
DA:485,0
DA:486,0
DA:487,0
DA:488,0
DA:491,0
DA:492,0
DA:494,0
DA:495,0
DA:496,0
DA:497,0
DA:498,0
DA:500,0
DA:501,0
DA:505,0
DA:506,0
DA:507,0
DA:508,0
DA:509,0
DA:512,0
DA:513,0
DA:514,0
DA:515,0
DA:517,0
DA:521,0
DA:524,0
DA:525,0
DA:526,0
DA:529,0
DA:531,0
DA:532,0
DA:540,0
DA:541,0
DA:542,0
DA:544,0
DA:545,0
DA:546,0
DA:547,0
DA:551,0
DA:555,0
DA:556,0
DA:558,0
DA:559,0
DA:564,1
DA:565,1
DA:566,0
DA:570,1
DA:571,1
DA:572,1
DA:573,1
DA:574,0
DA:575,0
DA:576,0
DA:582,1
DA:583,0
DA:584,0
DA:585,0
DA:586,0
DA:589,0
DA:590,0
DA:591,0
DA:592,0
DA:595,0
DA:596,0
DA:601,1
DA:602,0
DA:603,0
DA:610,1
DA:611,0
DA:612,0
DA:618,1
DA:619,0
DA:625,1
DA:626,0
DA:632,1
DA:633,0
DA:634,0
DA:636,0
DA:641,0
DA:642,0
DA:643,0
DA:646,0
DA:649,0
DA:650,0
DA:652,0
DA:653,0
DA:657,0
DA:660,0
DA:661,0
DA:662,0
DA:663,0
DA:670,1
DA:671,0
DA:673,0
DA:678,1
DA:679,0
DA:682,0
DA:683,0
DA:686,0
DA:687,0
DA:693,1
DA:694,0
DA:696,0
DA:697,0
DA:698,0
DA:701,0
DA:702,0
DA:703,0
DA:707,0
DA:708,0
DA:711,0
DA:718,2
DA:719,2
LF:290
LH:87
BRDA:3,0,0,6
BRDA:3,0,1,37
BRDA:8,1,0,25
BRDA:8,1,1,12
BRDA:10,2,0,1
BRDA:10,2,1,11
BRDA:12,3,0,0
BRDA:12,3,1,11
BRDA:12,4,0,11
BRDA:12,4,1,11
BRDA:19,5,0,6
BRDA:19,5,1,1
BRDA:22,6,0,7
BRDA:22,6,1,4
BRDA:23,7,0,7
BRDA:23,7,1,0
BRDA:23,8,0,7
BRDA:23,8,1,7
BRDA:30,9,0,1
BRDA:30,9,1,1
BRDA:30,10,0,2
BRDA:30,10,1,2
BRDA:30,10,2,2
BRDA:43,11,0,0
BRDA:43,11,1,1
BRDA:44,12,0,0
BRDA:44,12,1,1
BRDA:44,13,0,1
BRDA:44,13,1,1
BRDA:44,13,2,1
BRDA:86,14,0,0
BRDA:86,14,1,0
BRDA:86,15,0,0
BRDA:86,15,1,0
BRDA:142,16,0,0
BRDA:142,16,1,0
BRDA:152,17,0,0
BRDA:152,17,1,0
BRDA:174,18,0,0
BRDA:174,18,1,1
BRDA:174,19,0,1
BRDA:174,19,1,0
BRDA:191,20,0,0
BRDA:191,20,1,0
BRDA:198,21,0,0
BRDA:199,22,0,0
BRDA:199,22,1,0
BRDA:208,23,0,0
BRDA:208,23,1,1
BRDA:219,24,0,0
BRDA:219,24,1,1
BRDA:223,25,0,1
BRDA:223,25,1,0
BRDA:237,26,0,0
BRDA:237,26,1,0
BRDA:244,27,0,0
BRDA:244,27,1,0
BRDA:265,28,0,0
BRDA:265,28,1,0
BRDA:266,29,0,0
BRDA:266,29,1,0
BRDA:272,30,0,0
BRDA:272,30,1,0
BRDA:275,31,0,0
BRDA:275,31,1,0
BRDA:278,32,0,0
BRDA:278,32,1,0
BRDA:286,33,0,1
BRDA:286,33,1,0
BRDA:287,34,0,0
BRDA:287,34,1,1
BRDA:290,35,0,0
BRDA:290,35,1,1
BRDA:295,36,0,0
BRDA:295,36,1,0
BRDA:295,37,0,0
BRDA:295,37,1,0
BRDA:349,38,0,0
BRDA:349,38,1,0
BRDA:360,39,0,0
BRDA:360,39,1,1
BRDA:360,40,0,1
BRDA:360,40,1,0
BRDA:370,41,0,0
BRDA:370,41,1,0
BRDA:377,42,0,0
BRDA:377,42,1,0
BRDA:387,43,0,0
BRDA:387,43,1,0
BRDA:399,44,0,0
BRDA:399,44,1,0
BRDA:472,45,0,0
BRDA:472,45,1,0
BRDA:472,46,0,0
BRDA:472,46,1,0
BRDA:476,47,0,0
BRDA:476,47,1,0
BRDA:476,48,0,0
BRDA:476,48,1,0
BRDA:495,49,0,0
BRDA:495,49,1,0
BRDA:506,50,0,0
BRDA:506,50,1,0
BRDA:506,51,0,0
BRDA:506,51,1,0
BRDA:506,51,2,0
BRDA:512,52,0,0
BRDA:512,52,1,0
BRDA:514,53,0,0
BRDA:514,53,1,0
BRDA:540,54,0,0
BRDA:540,54,1,0
BRDA:545,55,0,0
BRDA:545,55,1,0
BRDA:565,56,0,0
BRDA:565,56,1,1
BRDA:574,57,0,0
BRDA:574,57,1,0
BRDA:574,58,0,0
BRDA:574,58,1,0
BRDA:641,59,0,0
BRDA:641,59,1,0
BRDA:652,60,0,0
BRDA:652,60,1,0
BRDA:671,61,0,0
BRDA:671,61,1,0
BRDA:718,62,0,2
BRDA:718,62,1,0
BRDA:718,63,0,2
BRDA:718,63,1,2
BRF:130
BRH:40
end_of_record
