TN:
SF:assets/js/bootstrap.min.js
FN:7,(anonymous_0)
FN:15,(anonymous_1)
FN:17,b
FN:28,(anonymous_3)
FN:31,(anonymous_4)
FN:34,(anonymous_5)
FN:39,(anonymous_6)
FN:45,(anonymous_7)
FN:51,(anonymous_8)
FN:53,b
FN:54,(anonymous_10)
FN:61,(anonymous_11)
FN:66,(anonymous_12)
FN:67,c
FN:86,(anonymous_14)
FN:91,(anonymous_15)
FN:93,b
FN:94,(anonymous_17)
FN:102,(anonymous_18)
FN:107,(anonymous_19)
FN:115,(anonymous_20)
FN:125,(anonymous_21)
FN:146,(anonymous_22)
FN:150,(anonymous_23)
FN:162,(anonymous_24)
FN:169,(anonymous_25)
FN:171,b
FN:172,(anonymous_27)
FN:181,(anonymous_28)
FN:201,(anonymous_29)
FN:216,(anonymous_30)
FN:226,(anonymous_31)
FN:229,(anonymous_32)
FN:237,(anonymous_33)
FN:242,(anonymous_34)
FN:249,(anonymous_35)
FN:259,(anonymous_36)
FN:262,(anonymous_37)
FN:265,(anonymous_38)
FN:288,(anonymous_39)
FN:292,(anonymous_40)
FN:309,(anonymous_41)
FN:312,(anonymous_42)
FN:328,(anonymous_43)
FN:329,(anonymous_44)
FN:335,(anonymous_45)
FN:337,b
FN:342,c
FN:343,(anonymous_48)
FN:352,(anonymous_49)
FN:371,(anonymous_50)
FN:375,(anonymous_51)
FN:391,(anonymous_52)
FN:406,(anonymous_53)
FN:418,(anonymous_54)
FN:433,(anonymous_55)
FN:436,(anonymous_56)
FN:440,(anonymous_57)
FN:447,(anonymous_58)
FN:454,(anonymous_59)
FN:457,(anonymous_60)
FN:466,(anonymous_61)
FN:468,b
FN:475,c
FN:478,(anonymous_64)
FN:493,d
FN:494,(anonymous_66)
FN:502,(anonymous_67)
FN:506,(anonymous_68)
FN:526,(anonymous_69)
FN:549,(anonymous_70)
FN:554,(anonymous_71)
FN:561,(anonymous_72)
FN:563,b
FN:564,(anonymous_74)
FN:572,(anonymous_75)
FN:585,(anonymous_76)
FN:594,(anonymous_77)
FN:597,(anonymous_78)
FN:614,(anonymous_79)
FN:615,(anonymous_80)
FN:619,(anonymous_81)
FN:630,(anonymous_82)
FN:637,(anonymous_83)
FN:658,(anonymous_84)
FN:663,(anonymous_85)
FN:671,(anonymous_86)
FN:675,(anonymous_87)
FN:681,(anonymous_88)
FN:686,(anonymous_89)
FN:689,(anonymous_90)
FN:696,(anonymous_91)
FN:699,(anonymous_92)
FN:710,(anonymous_93)
FN:731,(anonymous_94)
FN:741,(anonymous_95)
FN:744,(anonymous_96)
FN:751,(anonymous_97)
FN:754,(anonymous_98)
FN:763,(anonymous_99)
FN:768,(anonymous_100)
FN:771,(anonymous_101)
FN:780,(anonymous_102)
FN:783,(anonymous_103)
FN:791,(anonymous_104)
FN:793,(anonymous_105)
FN:800,(anonymous_106)
FN:802,b
FN:803,(anonymous_108)
FN:811,(anonymous_109)
FN:836,(anonymous_110)
FN:884,(anonymous_111)
FN:887,(anonymous_112)
FN:894,(anonymous_113)
FN:899,(anonymous_114)
FN:905,(anonymous_115)
FN:917,(anonymous_116)
FN:923,(anonymous_117)
FN:927,(anonymous_118)
FN:940,(anonymous_119)
FN:946,(anonymous_120)
FN:995,(anonymous_121)
FN:1006,(anonymous_122)
FN:1020,(anonymous_123)
FN:1039,(anonymous_124)
FN:1044,(anonymous_125)
FN:1050,(anonymous_126)
FN:1051,d
FN:1069,(anonymous_128)
FN:1074,(anonymous_129)
FN:1077,(anonymous_130)
FN:1094,(anonymous_131)
FN:1103,(anonymous_132)
FN:1119,(anonymous_133)
FN:1127,(anonymous_134)
FN:1132,(anonymous_135)
FN:1139,(anonymous_136)
FN:1142,(anonymous_137)
FN:1145,(anonymous_138)
FN:1148,(anonymous_139)
FN:1151,(anonymous_140)
FN:1164,(anonymous_141)
FN:1167,(anonymous_142)
FN:1179,(anonymous_143)
FN:1183,(anonymous_144)
FN:1185,b
FN:1186,(anonymous_146)
FN:1194,(anonymous_147)
FN:1208,(anonymous_148)
FN:1211,(anonymous_149)
FN:1225,(anonymous_150)
FN:1228,(anonymous_151)
FN:1236,(anonymous_152)
FN:1242,(anonymous_153)
FN:1246,(anonymous_154)
FN:1248,b
FN:1261,c
FN:1262,(anonymous_157)
FN:1271,(anonymous_158)
FN:1277,(anonymous_159)
FN:1288,(anonymous_160)
FN:1294,(anonymous_161)
FN:1297,(anonymous_162)
FN:1301,(anonymous_163)
FN:1315,(anonymous_164)
FN:1322,(anonymous_165)
FN:1328,(anonymous_166)
FN:1331,(anonymous_167)
FN:1332,(anonymous_168)
FN:1338,(anonymous_169)
FN:1340,b
FN:1341,(anonymous_171)
FN:1347,(anonymous_172)
FN:1352,(anonymous_173)
FN:1366,(anonymous_174)
FN:1373,(anonymous_175)
FN:1374,f
FN:1406,(anonymous_177)
FN:1409,(anonymous_178)
FN:1416,(anonymous_179)
FN:1418,b
FN:1419,(anonymous_181)
FN:1426,(anonymous_182)
FN:1440,(anonymous_183)
FN:1452,(anonymous_184)
FN:1459,(anonymous_185)
FN:1462,(anonymous_186)
FN:1491,(anonymous_187)
FN:1494,(anonymous_188)
FN:1495,(anonymous_189)
FNF:190
FNH:0
FNDA:0,(anonymous_0)
FNDA:0,(anonymous_1)
FNDA:0,b
FNDA:0,(anonymous_3)
FNDA:0,(anonymous_4)
FNDA:0,(anonymous_5)
FNDA:0,(anonymous_6)
FNDA:0,(anonymous_7)
FNDA:0,(anonymous_8)
FNDA:0,b
FNDA:0,(anonymous_10)
FNDA:0,(anonymous_11)
FNDA:0,(anonymous_12)
FNDA:0,c
FNDA:0,(anonymous_14)
FNDA:0,(anonymous_15)
FNDA:0,b
FNDA:0,(anonymous_17)
FNDA:0,(anonymous_18)
FNDA:0,(anonymous_19)
FNDA:0,(anonymous_20)
FNDA:0,(anonymous_21)
FNDA:0,(anonymous_22)
FNDA:0,(anonymous_23)
FNDA:0,(anonymous_24)
FNDA:0,(anonymous_25)
FNDA:0,b
FNDA:0,(anonymous_27)
FNDA:0,(anonymous_28)
FNDA:0,(anonymous_29)
FNDA:0,(anonymous_30)
FNDA:0,(anonymous_31)
FNDA:0,(anonymous_32)
FNDA:0,(anonymous_33)
FNDA:0,(anonymous_34)
FNDA:0,(anonymous_35)
FNDA:0,(anonymous_36)
FNDA:0,(anonymous_37)
FNDA:0,(anonymous_38)
FNDA:0,(anonymous_39)
FNDA:0,(anonymous_40)
FNDA:0,(anonymous_41)
FNDA:0,(anonymous_42)
FNDA:0,(anonymous_43)
FNDA:0,(anonymous_44)
FNDA:0,(anonymous_45)
FNDA:0,b
FNDA:0,c
FNDA:0,(anonymous_48)
FNDA:0,(anonymous_49)
FNDA:0,(anonymous_50)
FNDA:0,(anonymous_51)
FNDA:0,(anonymous_52)
FNDA:0,(anonymous_53)
FNDA:0,(anonymous_54)
FNDA:0,(anonymous_55)
FNDA:0,(anonymous_56)
FNDA:0,(anonymous_57)
FNDA:0,(anonymous_58)
FNDA:0,(anonymous_59)
FNDA:0,(anonymous_60)
FNDA:0,(anonymous_61)
FNDA:0,b
FNDA:0,c
FNDA:0,(anonymous_64)
FNDA:0,d
FNDA:0,(anonymous_66)
FNDA:0,(anonymous_67)
FNDA:0,(anonymous_68)
FNDA:0,(anonymous_69)
FNDA:0,(anonymous_70)
FNDA:0,(anonymous_71)
FNDA:0,(anonymous_72)
FNDA:0,b
FNDA:0,(anonymous_74)
FNDA:0,(anonymous_75)
FNDA:0,(anonymous_76)
FNDA:0,(anonymous_77)
FNDA:0,(anonymous_78)
FNDA:0,(anonymous_79)
FNDA:0,(anonymous_80)
FNDA:0,(anonymous_81)
FNDA:0,(anonymous_82)
FNDA:0,(anonymous_83)
FNDA:0,(anonymous_84)
FNDA:0,(anonymous_85)
FNDA:0,(anonymous_86)
FNDA:0,(anonymous_87)
FNDA:0,(anonymous_88)
FNDA:0,(anonymous_89)
FNDA:0,(anonymous_90)
FNDA:0,(anonymous_91)
FNDA:0,(anonymous_92)
FNDA:0,(anonymous_93)
FNDA:0,(anonymous_94)
FNDA:0,(anonymous_95)
FNDA:0,(anonymous_96)
FNDA:0,(anonymous_97)
FNDA:0,(anonymous_98)
FNDA:0,(anonymous_99)
FNDA:0,(anonymous_100)
FNDA:0,(anonymous_101)
FNDA:0,(anonymous_102)
FNDA:0,(anonymous_103)
FNDA:0,(anonymous_104)
FNDA:0,(anonymous_105)
FNDA:0,(anonymous_106)
FNDA:0,b
FNDA:0,(anonymous_108)
FNDA:0,(anonymous_109)
FNDA:0,(anonymous_110)
FNDA:0,(anonymous_111)
FNDA:0,(anonymous_112)
FNDA:0,(anonymous_113)
FNDA:0,(anonymous_114)
FNDA:0,(anonymous_115)
FNDA:0,(anonymous_116)
FNDA:0,(anonymous_117)
FNDA:0,(anonymous_118)
FNDA:0,(anonymous_119)
FNDA:0,(anonymous_120)
FNDA:0,(anonymous_121)
FNDA:0,(anonymous_122)
FNDA:0,(anonymous_123)
FNDA:0,(anonymous_124)
FNDA:0,(anonymous_125)
FNDA:0,(anonymous_126)
FNDA:0,d
FNDA:0,(anonymous_128)
FNDA:0,(anonymous_129)
FNDA:0,(anonymous_130)
FNDA:0,(anonymous_131)
FNDA:0,(anonymous_132)
FNDA:0,(anonymous_133)
FNDA:0,(anonymous_134)
FNDA:0,(anonymous_135)
FNDA:0,(anonymous_136)
FNDA:0,(anonymous_137)
FNDA:0,(anonymous_138)
FNDA:0,(anonymous_139)
FNDA:0,(anonymous_140)
FNDA:0,(anonymous_141)
FNDA:0,(anonymous_142)
FNDA:0,(anonymous_143)
FNDA:0,(anonymous_144)
FNDA:0,b
FNDA:0,(anonymous_146)
FNDA:0,(anonymous_147)
FNDA:0,(anonymous_148)
FNDA:0,(anonymous_149)
FNDA:0,(anonymous_150)
FNDA:0,(anonymous_151)
FNDA:0,(anonymous_152)
FNDA:0,(anonymous_153)
FNDA:0,(anonymous_154)
FNDA:0,b
FNDA:0,c
FNDA:0,(anonymous_157)
FNDA:0,(anonymous_158)
FNDA:0,(anonymous_159)
FNDA:0,(anonymous_160)
FNDA:0,(anonymous_161)
FNDA:0,(anonymous_162)
FNDA:0,(anonymous_163)
FNDA:0,(anonymous_164)
FNDA:0,(anonymous_165)
FNDA:0,(anonymous_166)
FNDA:0,(anonymous_167)
FNDA:0,(anonymous_168)
FNDA:0,(anonymous_169)
FNDA:0,b
FNDA:0,(anonymous_171)
FNDA:0,(anonymous_172)
FNDA:0,(anonymous_173)
FNDA:0,(anonymous_174)
FNDA:0,(anonymous_175)
FNDA:0,f
FNDA:0,(anonymous_177)
FNDA:0,(anonymous_178)
FNDA:0,(anonymous_179)
FNDA:0,b
FNDA:0,(anonymous_181)
FNDA:0,(anonymous_182)
FNDA:0,(anonymous_183)
FNDA:0,(anonymous_184)
FNDA:0,(anonymous_185)
FNDA:0,(anonymous_186)
FNDA:0,(anonymous_187)
FNDA:0,(anonymous_188)
FNDA:0,(anonymous_189)
DA:6,0
DA:7,0
DA:9,0
DA:10,0
DA:11,0
DA:18,0
DA:19,0
DA:25,0
DA:26,0
DA:28,0
DA:29,0
DA:30,0
DA:31,0
DA:32,0
DA:34,0
DA:35,0
DA:37,0
DA:40,0
DA:46,0
DA:54,0
DA:55,0
DA:56,0
DA:57,0
DA:60,0
DA:61,0
DA:62,0
DA:64,0
DA:68,0
DA:70,0
DA:71,0
DA:72,0
DA:73,0
DA:74,0
DA:83,0
DA:84,0
DA:87,0
DA:94,0
DA:95,0
DA:96,0
DA:97,0
DA:98,0
DA:102,0
DA:103,0
DA:105,0
DA:108,0
DA:109,0
DA:110,0
DA:111,0
DA:112,0
DA:116,0
DA:126,0
DA:127,0
DA:128,0
DA:129,0
DA:130,0
DA:140,0
DA:143,0
DA:144,0
DA:147,0
DA:151,0
DA:152,0
DA:163,0
DA:172,0
DA:173,0
DA:174,0
DA:175,0
DA:176,0
DA:177,0
DA:181,0
DA:182,0
DA:198,0
DA:202,0
DA:203,0
DA:205,0
DA:206,0
DA:208,0
DA:209,0
DA:211,0
DA:213,0
DA:217,0
DA:227,0
DA:230,0
DA:231,0
DA:232,0
DA:233,0
DA:234,0
DA:235,0
DA:238,0
DA:239,0
DA:240,0
DA:241,0
DA:243,0
DA:250,0
DA:260,0
DA:263,0
DA:266,0
DA:267,0
DA:268,0
DA:269,0
DA:270,0
DA:271,0
DA:272,0
DA:273,0
DA:274,0
DA:275,0
DA:276,0
DA:277,0
DA:278,0
DA:280,0
DA:281,0
DA:289,0
DA:293,0
DA:306,0
DA:307,0
DA:310,0
DA:312,0
DA:314,0
DA:315,0
DA:316,0
DA:317,0
DA:318,0
DA:319,0
DA:325,0
DA:329,0
DA:330,0
DA:331,0
DA:339,0
DA:340,0
DA:343,0
DA:344,0
DA:345,0
DA:346,0
DA:347,0
DA:352,0
DA:353,0
DA:368,0
DA:372,0
DA:373,0
DA:376,0
DA:378,0
DA:379,0
DA:380,0
DA:381,0
DA:382,0
DA:383,0
DA:384,0
DA:391,0
DA:392,0
DA:396,0
DA:397,0
DA:398,0
DA:407,0
DA:408,0
DA:409,0
DA:410,0
DA:411,0
DA:418,0
DA:419,0
DA:425,0
DA:434,0
DA:437,0
DA:441,0
DA:442,0
DA:448,0
DA:449,0
DA:451,0
DA:452,0
DA:455,0
DA:458,0
DA:459,0
DA:460,0
DA:461,0
DA:462,0
DA:463,0
DA:469,0
DA:470,0
DA:472,0
DA:473,0
DA:476,0
DA:479,0
DA:480,0
DA:481,0
DA:482,0
DA:494,0
DA:495,0
DA:496,0
DA:497,0
DA:500,0
DA:501,0
DA:502,0
DA:503,0
DA:505,0
DA:507,0
DA:508,0
DA:509,0
DA:510,0
DA:511,0
DA:512,0
DA:518,0
DA:519,0
DA:520,0
DA:523,0
DA:527,0
DA:528,0
DA:529,0
DA:530,0
DA:531,0
DA:532,0
DA:533,0
DA:534,0
DA:535,0
DA:536,0
DA:537,0
DA:538,0
DA:546,0
DA:547,0
DA:550,0
DA:555,0
DA:564,0
DA:565,0
DA:566,0
DA:567,0
DA:568,0
DA:572,0
DA:573,0
DA:586,0
DA:590,0
DA:595,0
DA:598,0
DA:599,0
DA:600,0
DA:615,0
DA:616,0
DA:620,0
DA:621,0
DA:627,0
DA:628,0
DA:631,0
DA:638,0
DA:659,0
DA:664,0
DA:672,0
DA:676,0
DA:682,0
DA:687,0
DA:688,0
DA:690,0
DA:697,0
DA:700,0
DA:701,0
DA:702,0
DA:703,0
DA:704,0
DA:711,0
DA:723,0
DA:724,0
DA:729,0
DA:730,0
DA:731,0
DA:732,0
DA:734,0
DA:739,0
DA:742,0
DA:745,0
DA:746,0
DA:752,0
DA:755,0
DA:756,0
DA:757,0
DA:758,0
DA:760,0
DA:764,0
DA:765,0
DA:769,0
DA:772,0
DA:773,0
DA:774,0
DA:775,0
DA:777,0
DA:778,0
DA:781,0
DA:784,0
DA:785,0
DA:786,0
DA:787,0
DA:790,0
DA:792,0
DA:794,0
DA:803,0
DA:804,0
DA:805,0
DA:806,0
DA:807,0
DA:811,0
DA:812,0
DA:821,0
DA:837,0
DA:852,0
DA:857,0
DA:858,0
DA:859,0
DA:860,0
DA:865,0
DA:866,0
DA:867,0
DA:868,0
DA:880,0
DA:885,0
DA:888,0
DA:895,0
DA:896,0
DA:897,0
DA:900,0
DA:906,0
DA:907,0
DA:918,0
DA:924,0
DA:925,0
DA:928,0
DA:929,0
DA:936,0
DA:941,0
DA:947,0
DA:948,0
DA:949,0
DA:950,0
DA:951,0
DA:952,0
DA:953,0
DA:954,0
DA:955,0
DA:960,0
DA:963,0
DA:964,0
DA:965,0
DA:975,0
DA:976,0
DA:977,0
DA:978,0
DA:979,0
DA:980,0
DA:981,0
DA:993,0
DA:994,0
DA:995,0
DA:996,0
DA:997,0
DA:1001,0
DA:1007,0
DA:1008,0
DA:1009,0
DA:1010,0
DA:1011,0
DA:1012,0
DA:1021,0
DA:1029,0
DA:1030,0
DA:1031,0
DA:1032,0
DA:1033,0
DA:1034,0
DA:1035,0
DA:1036,0
DA:1037,0
DA:1040,0
DA:1045,0
DA:1046,0
DA:1047,0
DA:1052,0
DA:1056,0
DA:1057,0
DA:1058,0
DA:1059,0
DA:1060,0
DA:1070,0
DA:1071,0
DA:1075,0
DA:1078,0
DA:1079,0
DA:1080,0
DA:1081,0
DA:1082,0
DA:1084,0
DA:1085,0
DA:1086,0
DA:1091,0
DA:1092,0
DA:1095,0
DA:1104,0
DA:1105,0
DA:1106,0
DA:1107,0
DA:1108,0
DA:1109,0
DA:1110,0
DA:1111,0
DA:1113,0
DA:1114,0
DA:1115,0
DA:1117,0
DA:1121,0
DA:1122,0
DA:1123,0
DA:1128,0
DA:1130,0
DA:1133,0
DA:1134,0
DA:1137,0
DA:1140,0
DA:1143,0
DA:1146,0
DA:1149,0
DA:1152,0
DA:1153,0
DA:1165,0
DA:1166,0
DA:1168,0
DA:1176,0
DA:1177,0
DA:1180,0
DA:1186,0
DA:1187,0
DA:1188,0
DA:1189,0
DA:1190,0
DA:1194,0
DA:1195,0
DA:1197,0
DA:1198,0
DA:1209,0
DA:1212,0
DA:1213,0
DA:1214,0
DA:1215,0
DA:1226,0
DA:1229,0
DA:1230,0
DA:1231,0
DA:1237,0
DA:1239,0
DA:1240,0
DA:1243,0
DA:1249,0
DA:1262,0
DA:1263,0
DA:1264,0
DA:1265,0
DA:1266,0
DA:1269,0
DA:1272,0
DA:1278,0
DA:1279,0
DA:1280,0
DA:1281,0
DA:1289,0
DA:1290,0
DA:1291,0
DA:1292,0
DA:1295,0
DA:1298,0
DA:1303,0
DA:1304,0
DA:1305,0
DA:1306,0
DA:1307,0
DA:1308,0
DA:1309,0
DA:1310,0
DA:1311,0
DA:1312,0
DA:1313,0
DA:1316,0
DA:1317,0
DA:1318,0
DA:1319,0
DA:1323,0
DA:1325,0
DA:1326,0
DA:1329,0
DA:1332,0
DA:1333,0
DA:1334,0
DA:1341,0
DA:1342,0
DA:1343,0
DA:1344,0
DA:1347,0
DA:1348,0
DA:1350,0
DA:1353,0
DA:1354,0
DA:1355,0
DA:1356,0
DA:1360,0
DA:1361,0
DA:1362,0
DA:1363,0
DA:1364,0
DA:1365,0
DA:1367,0
DA:1375,0
DA:1393,0
DA:1395,0
DA:1398,0
DA:1403,0
DA:1404,0
DA:1407,0
DA:1409,0
DA:1410,0
DA:1412,0
DA:1419,0
DA:1420,0
DA:1421,0
DA:1422,0
DA:1423,0
DA:1426,0
DA:1427,0
DA:1437,0
DA:1441,0
DA:1442,0
DA:1443,0
DA:1444,0
DA:1445,0
DA:1446,0
DA:1447,0
DA:1448,0
DA:1449,0
DA:1450,0
DA:1453,0
DA:1454,0
DA:1455,0
DA:1456,0
DA:1457,0
DA:1460,0
DA:1463,0
DA:1464,0
DA:1465,0
DA:1466,0
DA:1467,0
DA:1468,0
DA:1469,0
DA:1472,0
DA:1473,0
DA:1474,0
DA:1475,0
DA:1476,0
DA:1477,0
DA:1478,0
DA:1485,0
DA:1488,0
DA:1489,0
DA:1492,0
DA:1495,0
DA:1496,0
DA:1497,0
DA:1498,0
LF:556
LH:0
BRDA:6,0,0,0
BRDA:6,0,1,0
BRDA:10,1,0,0
BRDA:10,1,1,0
BRDA:10,2,0,0
BRDA:10,2,1,0
BRDA:10,2,2,0
BRDA:10,2,3,0
BRDA:10,2,4,0
BRDA:10,2,5,0
BRDA:25,3,0,0
BRDA:25,3,1,0
BRDA:35,4,0,0
BRDA:35,4,1,0
BRDA:41,5,0,0
BRDA:41,5,1,0
BRDA:46,6,0,0
BRDA:46,6,1,0
BRDA:57,7,0,0
BRDA:57,7,1,0
BRDA:57,8,0,0
BRDA:57,8,1,0
BRDA:72,9,0,0
BRDA:72,9,1,0
BRDA:72,10,0,0
BRDA:72,10,1,0
BRDA:73,11,0,0
BRDA:73,11,1,0
BRDA:74,12,0,0
BRDA:74,12,1,0
BRDA:75,13,0,0
BRDA:75,13,1,0
BRDA:77,14,0,0
BRDA:77,14,1,0
BRDA:79,15,0,0
BRDA:79,15,1,0
BRDA:79,16,0,0
BRDA:79,16,1,0
BRDA:97,17,0,0
BRDA:97,17,1,0
BRDA:98,18,0,0
BRDA:98,18,1,0
BRDA:99,19,0,0
BRDA:99,19,1,0
BRDA:99,20,0,0
BRDA:99,20,1,0
BRDA:110,21,0,0
BRDA:110,21,1,0
BRDA:113,22,0,0
BRDA:113,22,1,0
BRDA:116,23,0,0
BRDA:116,23,1,0
BRDA:117,24,0,0
BRDA:117,24,1,0
BRDA:119,25,0,0
BRDA:119,25,1,0
BRDA:128,26,0,0
BRDA:128,26,1,0
BRDA:130,27,0,0
BRDA:130,27,1,0
BRDA:131,28,0,0
BRDA:131,28,1,0
BRDA:134,29,0,0
BRDA:134,29,1,0
BRDA:135,30,0,0
BRDA:135,30,1,0
BRDA:138,31,0,0
BRDA:138,31,1,0
BRDA:153,32,0,0
BRDA:153,32,1,0
BRDA:155,33,0,0
BRDA:155,33,1,0
BRDA:175,34,0,0
BRDA:175,34,1,0
BRDA:176,35,0,0
BRDA:176,35,1,0
BRDA:177,36,0,0
BRDA:177,36,1,0
BRDA:178,37,0,0
BRDA:178,37,1,0
BRDA:178,38,0,0
BRDA:178,38,1,0
BRDA:178,39,0,0
BRDA:178,39,1,0
BRDA:190,40,0,0
BRDA:190,40,1,0
BRDA:192,41,0,0
BRDA:192,41,1,0
BRDA:192,41,2,0
BRDA:202,42,0,0
BRDA:202,42,1,0
BRDA:203,43,0,0
BRDA:203,43,1,0
BRDA:203,43,2,0
BRDA:218,44,0,0
BRDA:218,44,1,0
BRDA:219,45,0,0
BRDA:219,45,1,0
BRDA:220,46,0,0
BRDA:220,46,1,0
BRDA:220,46,2,0
BRDA:227,47,0,0
BRDA:227,47,1,0
BRDA:231,48,0,0
BRDA:231,48,1,0
BRDA:231,48,2,0
BRDA:231,48,3,0
BRDA:232,49,0,0
BRDA:232,49,1,0
BRDA:232,50,0,0
BRDA:232,50,1,0
BRDA:233,51,0,0
BRDA:233,51,1,0
BRDA:240,52,0,0
BRDA:240,52,1,0
BRDA:240,53,0,0
BRDA:240,53,1,0
BRDA:241,54,0,0
BRDA:241,54,1,0
BRDA:245,55,0,0
BRDA:245,55,1,0
BRDA:247,56,0,0
BRDA:247,56,1,0
BRDA:251,57,0,0
BRDA:251,57,1,0
BRDA:252,58,0,0
BRDA:252,58,1,0
BRDA:252,58,2,0
BRDA:260,59,0,0
BRDA:260,59,1,0
BRDA:263,60,0,0
BRDA:263,60,1,0
BRDA:267,61,0,0
BRDA:267,61,1,0
BRDA:269,62,0,0
BRDA:269,62,1,0
BRDA:271,63,0,0
BRDA:271,63,1,0
BRDA:274,64,0,0
BRDA:274,64,1,0
BRDA:275,65,0,0
BRDA:275,65,1,0
BRDA:275,66,0,0
BRDA:275,66,1,0
BRDA:278,67,0,0
BRDA:278,67,1,0
BRDA:282,68,0,0
BRDA:282,68,1,0
BRDA:282,69,0,0
BRDA:282,69,1,0
BRDA:301,70,0,0
BRDA:301,70,1,0
BRDA:315,71,0,0
BRDA:315,71,1,0
BRDA:315,71,2,0
BRDA:316,72,0,0
BRDA:316,72,1,0
BRDA:319,73,0,0
BRDA:319,73,1,0
BRDA:321,74,0,0
BRDA:321,74,1,0
BRDA:339,75,0,0
BRDA:339,75,1,0
BRDA:339,75,2,0
BRDA:346,76,0,0
BRDA:346,76,1,0
BRDA:347,77,0,0
BRDA:347,77,1,0
BRDA:347,77,2,0
BRDA:347,77,3,0
BRDA:348,78,0,0
BRDA:348,78,1,0
BRDA:349,79,0,0
BRDA:349,79,1,0
BRDA:363,80,0,0
BRDA:363,80,1,0
BRDA:366,81,0,0
BRDA:366,81,1,0
BRDA:373,82,0,0
BRDA:373,82,1,0
BRDA:376,83,0,0
BRDA:376,83,1,0
BRDA:376,84,0,0
BRDA:376,84,1,0
BRDA:378,85,0,0
BRDA:378,85,1,0
BRDA:379,86,0,0
BRDA:379,86,1,0
BRDA:379,87,0,0
BRDA:379,87,1,0
BRDA:379,87,2,0
BRDA:379,88,0,0
BRDA:379,88,1,0
BRDA:381,89,0,0
BRDA:381,89,1,0
BRDA:382,90,0,0
BRDA:382,90,1,0
BRDA:382,90,2,0
BRDA:382,91,0,0
BRDA:382,91,1,0
BRDA:396,92,0,0
BRDA:396,92,1,0
BRDA:407,93,0,0
BRDA:407,93,1,0
BRDA:407,94,0,0
BRDA:407,94,1,0
BRDA:409,95,0,0
BRDA:409,95,1,0
BRDA:425,96,0,0
BRDA:425,96,1,0
BRDA:434,97,0,0
BRDA:434,97,1,0
BRDA:459,98,0,0
BRDA:459,98,1,0
BRDA:462,99,0,0
BRDA:462,99,1,0
BRDA:470,100,0,0
BRDA:470,100,1,0
BRDA:471,101,0,0
BRDA:471,101,1,0
BRDA:471,101,2,0
BRDA:472,102,0,0
BRDA:472,102,1,0
BRDA:473,103,0,0
BRDA:473,103,1,0
BRDA:473,104,0,0
BRDA:473,104,1,0
BRDA:476,105,0,0
BRDA:476,105,1,0
BRDA:476,105,2,0
BRDA:482,106,0,0
BRDA:482,106,1,0
BRDA:482,106,2,0
BRDA:482,106,3,0
BRDA:482,106,4,0
BRDA:482,106,5,0
BRDA:488,107,0,0
BRDA:488,107,1,0
BRDA:497,108,0,0
BRDA:497,108,1,0
BRDA:497,109,0,0
BRDA:497,109,1,0
BRDA:508,110,0,0
BRDA:508,110,1,0
BRDA:511,111,0,0
BRDA:511,111,1,0
BRDA:512,112,0,0
BRDA:512,112,1,0
BRDA:512,112,2,0
BRDA:519,113,0,0
BRDA:519,113,1,0
BRDA:527,114,0,0
BRDA:527,114,1,0
BRDA:527,115,0,0
BRDA:527,115,1,0
BRDA:529,116,0,0
BRDA:529,116,1,0
BRDA:532,117,0,0
BRDA:532,117,1,0
BRDA:532,118,0,0
BRDA:532,118,1,0
BRDA:532,118,2,0
BRDA:532,118,3,0
BRDA:533,119,0,0
BRDA:533,119,1,0
BRDA:536,120,0,0
BRDA:536,120,1,0
BRDA:538,121,0,0
BRDA:538,121,1,0
BRDA:538,121,2,0
BRDA:539,122,0,0
BRDA:539,122,1,0
BRDA:539,122,2,0
BRDA:540,123,0,0
BRDA:540,123,1,0
BRDA:567,124,0,0
BRDA:567,124,1,0
BRDA:568,125,0,0
BRDA:568,125,1,0
BRDA:569,126,0,0
BRDA:569,126,1,0
BRDA:569,127,0,0
BRDA:569,127,1,0
BRDA:582,128,0,0
BRDA:582,128,1,0
BRDA:595,129,0,0
BRDA:595,129,1,0
BRDA:601,130,0,0
BRDA:601,130,1,0
BRDA:601,130,2,0
BRDA:616,131,0,0
BRDA:616,131,1,0
BRDA:620,132,0,0
BRDA:620,132,1,0
BRDA:621,133,0,0
BRDA:621,133,1,0
BRDA:624,134,0,0
BRDA:624,134,1,0
BRDA:628,135,0,0
BRDA:628,135,1,0
BRDA:638,136,0,0
BRDA:638,136,1,0
BRDA:641,137,0,0
BRDA:641,137,1,0
BRDA:641,137,2,0
BRDA:652,138,0,0
BRDA:652,138,1,0
BRDA:652,139,0,0
BRDA:652,139,1,0
BRDA:664,140,0,0
BRDA:664,140,1,0
BRDA:664,140,2,0
BRDA:664,140,3,0
BRDA:672,141,0,0
BRDA:672,141,1,0
BRDA:672,142,0,0
BRDA:672,142,1,0
BRDA:676,143,0,0
BRDA:676,143,1,0
BRDA:679,144,0,0
BRDA:679,144,1,0
BRDA:682,145,0,0
BRDA:682,145,1,0
BRDA:697,146,0,0
BRDA:697,146,1,0
BRDA:701,147,0,0
BRDA:701,147,1,0
BRDA:702,148,0,0
BRDA:702,148,1,0
BRDA:702,149,0,0
BRDA:702,149,1,0
BRDA:703,150,0,0
BRDA:703,150,1,0
BRDA:704,151,0,0
BRDA:704,151,1,0
BRDA:711,152,0,0
BRDA:711,152,1,0
BRDA:714,153,0,0
BRDA:714,153,1,0
BRDA:715,154,0,0
BRDA:715,154,1,0
BRDA:719,155,0,0
BRDA:719,155,1,0
BRDA:724,156,0,0
BRDA:724,156,1,0
BRDA:729,157,0,0
BRDA:729,157,1,0
BRDA:729,158,0,0
BRDA:729,158,1,0
BRDA:732,159,0,0
BRDA:732,159,1,0
BRDA:734,160,0,0
BRDA:734,160,1,0
BRDA:734,161,0,0
BRDA:734,161,1,0
BRDA:739,162,0,0
BRDA:739,162,1,0
BRDA:747,163,0,0
BRDA:747,163,1,0
BRDA:747,164,0,0
BRDA:747,164,1,0
BRDA:748,165,0,0
BRDA:748,165,1,0
BRDA:748,166,0,0
BRDA:748,166,1,0
BRDA:756,167,0,0
BRDA:756,167,1,0
BRDA:764,168,0,0
BRDA:764,168,1,0
BRDA:765,169,0,0
BRDA:765,169,1,0
BRDA:766,170,0,0
BRDA:766,170,1,0
BRDA:786,171,0,0
BRDA:786,171,1,0
BRDA:786,171,2,0
BRDA:787,172,0,0
BRDA:787,172,1,0
BRDA:789,173,0,0
BRDA:789,173,1,0
BRDA:790,174,0,0
BRDA:790,174,1,0
BRDA:792,175,0,0
BRDA:792,175,1,0
BRDA:794,176,0,0
BRDA:794,176,1,0
BRDA:806,177,0,0
BRDA:806,177,1,0
BRDA:807,178,0,0
BRDA:807,178,1,0
BRDA:807,178,2,0
BRDA:808,179,0,0
BRDA:808,179,1,0
BRDA:808,180,0,0
BRDA:808,180,1,0
BRDA:837,181,0,0
BRDA:837,181,1,0
BRDA:843,182,0,0
BRDA:843,182,1,0
BRDA:845,183,0,0
BRDA:845,183,1,0
BRDA:847,184,0,0
BRDA:847,184,1,0
BRDA:850,185,0,0
BRDA:850,185,1,0
BRDA:859,186,0,0
BRDA:859,186,1,0
BRDA:865,187,0,0
BRDA:865,187,1,0
BRDA:866,188,0,0
BRDA:866,188,1,0
BRDA:867,189,0,0
BRDA:867,189,1,0
BRDA:880,190,0,0
BRDA:880,190,1,0
BRDA:890,191,0,0
BRDA:890,191,1,0
BRDA:890,191,2,0
BRDA:898,192,0,0
BRDA:898,192,1,0
BRDA:900,193,0,0
BRDA:900,193,1,0
BRDA:906,194,0,0
BRDA:906,194,1,0
BRDA:908,195,0,0
BRDA:908,195,1,0
BRDA:911,196,0,0
BRDA:911,196,1,0
BRDA:911,197,0,0
BRDA:911,197,1,0
BRDA:912,198,0,0
BRDA:912,198,1,0
BRDA:912,199,0,0
BRDA:912,199,1,0
BRDA:916,200,0,0
BRDA:916,200,1,0
BRDA:916,201,0,0
BRDA:916,201,1,0
BRDA:918,202,0,0
BRDA:918,202,1,0
BRDA:924,203,0,0
BRDA:924,203,1,0
BRDA:928,204,0,0
BRDA:928,204,1,0
BRDA:929,205,0,0
BRDA:929,205,1,0
BRDA:930,206,0,0
BRDA:930,206,1,0
BRDA:933,207,0,0
BRDA:933,207,1,0
BRDA:933,208,0,0
BRDA:933,208,1,0
BRDA:939,209,0,0
BRDA:939,209,1,0
BRDA:939,210,0,0
BRDA:939,210,1,0
BRDA:941,211,0,0
BRDA:941,211,1,0
BRDA:948,212,0,0
BRDA:948,212,1,0
BRDA:948,213,0,0
BRDA:948,213,1,0
BRDA:951,214,0,0
BRDA:951,214,1,0
BRDA:951,215,0,0
BRDA:951,215,1,0
BRDA:958,216,0,0
BRDA:958,216,1,0
BRDA:960,217,0,0
BRDA:960,217,1,0
BRDA:965,218,0,0
BRDA:965,218,1,0
BRDA:965,219,0,0
BRDA:965,219,1,0
BRDA:971,220,0,0
BRDA:971,220,1,0
BRDA:978,221,0,0
BRDA:978,221,1,0
BRDA:982,222,0,0
BRDA:982,222,1,0
BRDA:982,223,0,0
BRDA:982,223,1,0
BRDA:984,224,0,0
BRDA:984,224,1,0
BRDA:984,225,0,0
BRDA:984,225,1,0
BRDA:986,226,0,0
BRDA:986,226,1,0
BRDA:986,227,0,0
BRDA:986,227,1,0
BRDA:988,228,0,0
BRDA:988,228,1,0
BRDA:988,229,0,0
BRDA:988,229,1,0
BRDA:999,230,0,0
BRDA:999,230,1,0
BRDA:1001,231,0,0
BRDA:1001,231,1,0
BRDA:1001,232,0,0
BRDA:1001,232,1,0
BRDA:1012,233,0,0
BRDA:1012,233,1,0
BRDA:1013,234,0,0
BRDA:1013,234,1,0
BRDA:1031,235,0,0
BRDA:1031,235,1,0
BRDA:1031,235,2,0
BRDA:1033,236,0,0
BRDA:1033,236,1,0
BRDA:1035,237,0,0
BRDA:1035,237,1,0
BRDA:1036,238,0,0
BRDA:1036,238,1,0
BRDA:1041,239,0,0
BRDA:1041,239,1,0
BRDA:1042,240,0,0
BRDA:1042,240,1,0
BRDA:1047,241,0,0
BRDA:1047,241,1,0
BRDA:1052,242,0,0
BRDA:1052,242,1,0
BRDA:1053,243,0,0
BRDA:1053,243,1,0
BRDA:1054,244,0,0
BRDA:1054,244,1,0
BRDA:1059,245,0,0
BRDA:1059,245,1,0
BRDA:1062,246,0,0
BRDA:1062,246,1,0
BRDA:1062,247,0,0
BRDA:1062,247,1,0
BRDA:1071,248,0,0
BRDA:1071,248,1,0
BRDA:1071,248,2,0
BRDA:1072,249,0,0
BRDA:1072,249,1,0
BRDA:1078,250,0,0
BRDA:1078,250,1,0
BRDA:1082,251,0,0
BRDA:1082,251,1,0
BRDA:1084,252,0,0
BRDA:1084,252,1,0
BRDA:1085,253,0,0
BRDA:1085,253,1,0
BRDA:1085,254,0,0
BRDA:1085,254,1,0
BRDA:1087,255,0,0
BRDA:1087,255,1,0
BRDA:1088,256,0,0
BRDA:1088,256,1,0
BRDA:1091,257,0,0
BRDA:1091,257,1,0
BRDA:1095,258,0,0
BRDA:1095,258,1,0
BRDA:1097,259,0,0
BRDA:1097,259,1,0
BRDA:1099,260,0,0
BRDA:1099,260,1,0
BRDA:1105,261,0,0
BRDA:1105,261,1,0
BRDA:1106,262,0,0
BRDA:1106,262,1,0
BRDA:1106,262,2,0
BRDA:1108,263,0,0
BRDA:1108,263,1,0
BRDA:1111,264,0,0
BRDA:1111,264,1,0
BRDA:1111,265,0,0
BRDA:1111,265,1,0
BRDA:1115,266,0,0
BRDA:1115,266,1,0
BRDA:1115,267,0,0
BRDA:1115,267,1,0
BRDA:1124,268,0,0
BRDA:1124,268,1,0
BRDA:1125,269,0,0
BRDA:1125,269,1,0
BRDA:1133,270,0,0
BRDA:1133,270,1,0
BRDA:1133,271,0,0
BRDA:1133,271,1,0
BRDA:1140,272,0,0
BRDA:1140,272,1,0
BRDA:1153,273,0,0
BRDA:1153,273,1,0
BRDA:1155,274,0,0
BRDA:1155,274,1,0
BRDA:1158,275,0,0
BRDA:1158,275,1,0
BRDA:1159,276,0,0
BRDA:1159,276,1,0
BRDA:1160,277,0,0
BRDA:1160,277,1,0
BRDA:1169,278,0,0
BRDA:1169,278,1,0
BRDA:1189,279,0,0
BRDA:1189,279,1,0
BRDA:1190,280,0,0
BRDA:1190,280,1,0
BRDA:1190,280,2,0
BRDA:1191,281,0,0
BRDA:1191,281,1,0
BRDA:1191,282,0,0
BRDA:1191,282,1,0
BRDA:1197,283,0,0
BRDA:1197,283,1,0
BRDA:1215,284,0,0
BRDA:1215,284,1,0
BRDA:1221,285,0,0
BRDA:1221,285,1,0
BRDA:1221,286,0,0
BRDA:1221,286,1,0
BRDA:1223,287,0,0
BRDA:1223,287,1,0
BRDA:1226,288,0,0
BRDA:1226,288,1,0
BRDA:1232,289,0,0
BRDA:1232,289,1,0
BRDA:1233,290,0,0
BRDA:1233,290,1,0
BRDA:1237,291,0,0
BRDA:1237,291,1,0
BRDA:1250,292,0,0
BRDA:1250,292,1,0
BRDA:1252,293,0,0
BRDA:1252,293,1,0
BRDA:1265,294,0,0
BRDA:1265,294,1,0
BRDA:1266,295,0,0
BRDA:1266,295,1,0
BRDA:1266,296,0,0
BRDA:1266,296,1,0
BRDA:1273,297,0,0
BRDA:1273,297,1,0
BRDA:1284,298,0,0
BRDA:1284,298,1,0
BRDA:1290,299,0,0
BRDA:1290,299,1,0
BRDA:1291,300,0,0
BRDA:1291,300,1,0
BRDA:1292,301,0,0
BRDA:1292,301,1,0
BRDA:1292,301,2,0
BRDA:1292,301,3,0
BRDA:1292,301,4,0
BRDA:1309,302,0,0
BRDA:1309,302,1,0
BRDA:1309,303,0,0
BRDA:1309,303,1,0
BRDA:1310,304,0,0
BRDA:1310,304,1,0
BRDA:1311,305,0,0
BRDA:1311,305,1,0
BRDA:1311,306,0,0
BRDA:1311,306,1,0
BRDA:1313,307,0,0
BRDA:1313,307,1,0
BRDA:1313,307,2,0
BRDA:1313,307,3,0
BRDA:1313,307,4,0
BRDA:1319,308,0,0
BRDA:1319,308,1,0
BRDA:1344,309,0,0
BRDA:1344,309,1,0
BRDA:1344,310,0,0
BRDA:1344,310,1,0
BRDA:1356,311,0,0
BRDA:1356,311,1,0
BRDA:1357,312,0,0
BRDA:1357,312,1,0
BRDA:1357,313,0,0
BRDA:1357,313,1,0
BRDA:1363,314,0,0
BRDA:1363,314,1,0
BRDA:1363,315,0,0
BRDA:1363,315,1,0
BRDA:1383,316,0,0
BRDA:1383,316,1,0
BRDA:1384,317,0,0
BRDA:1384,317,1,0
BRDA:1391,318,0,0
BRDA:1391,318,1,0
BRDA:1395,319,0,0
BRDA:1395,319,1,0
BRDA:1395,319,2,0
BRDA:1395,319,3,0
BRDA:1395,319,4,0
BRDA:1398,320,0,0
BRDA:1398,320,1,0
BRDA:1398,321,0,0
BRDA:1398,321,1,0
BRDA:1422,322,0,0
BRDA:1422,322,1,0
BRDA:1423,323,0,0
BRDA:1423,323,1,0
BRDA:1423,324,0,0
BRDA:1423,324,1,0
BRDA:1444,325,0,0
BRDA:1444,325,1,0
BRDA:1444,326,0,0
BRDA:1444,326,1,0
BRDA:1444,327,0,0
BRDA:1444,327,1,0
BRDA:1445,328,0,0
BRDA:1445,328,1,0
BRDA:1446,329,0,0
BRDA:1446,329,1,0
BRDA:1446,330,0,0
BRDA:1446,330,1,0
BRDA:1446,331,0,0
BRDA:1446,331,1,0
BRDA:1448,332,0,0
BRDA:1448,332,1,0
BRDA:1449,333,0,0
BRDA:1449,333,1,0
BRDA:1450,334,0,0
BRDA:1450,334,1,0
BRDA:1450,335,0,0
BRDA:1450,335,1,0
BRDA:1450,336,0,0
BRDA:1450,336,1,0
BRDA:1450,336,2,0
BRDA:1453,337,0,0
BRDA:1453,337,1,0
BRDA:1463,338,0,0
BRDA:1463,338,1,0
BRDA:1469,339,0,0
BRDA:1469,339,1,0
BRDA:1470,340,0,0
BRDA:1470,340,1,0
BRDA:1471,341,0,0
BRDA:1471,341,1,0
BRDA:1473,342,0,0
BRDA:1473,342,1,0
BRDA:1474,343,0,0
BRDA:1474,343,1,0
BRDA:1475,344,0,0
BRDA:1475,344,1,0
BRDA:1477,345,0,0
BRDA:1477,345,1,0
BRDA:1479,346,0,0
BRDA:1479,346,1,0
BRDA:1485,347,0,0
BRDA:1485,347,1,0
BRDA:1498,348,0,0
BRDA:1498,348,1,0
BRDA:1499,349,0,0
BRDA:1499,349,1,0
BRDA:1500,350,0,0
BRDA:1500,350,1,0
BRF:750
BRH:0
end_of_record
TN:
SF:assets/js/script.js
FN:2,isValidEmail
FN:17,initializeTheme
FN:34,(anonymous_2)
FN:51,(anonymous_3)
FN:54,(anonymous_4)
FN:57,(anonymous_5)
FN:73,labelCarouselDots
FN:74,(anonymous_7)
FN:90,(anonymous_8)
FN:98,ensureDotLabelsWithMutationObserver
FN:101,(anonymous_10)
FN:111,pollDotLabels
FN:114,(anonymous_12)
FN:124,trackEvent
FN:133,switchSection
FN:137,(anonymous_15)
FN:138,(anonymous_16)
FN:149,handleImageLoad
FN:157,(anonymous_18)
FN:161,(anonymous_19)
FN:168,(anonymous_20)
FN:178,toggleTheme
FN:208,(anonymous_22)
FN:216,(anonymous_23)
FN:234,(anonymous_24)
FN:262,(anonymous_25)
FN:268,(anonymous_26)
FN:276,(anonymous_27)
FN:280,(anonymous_28)
FN:286,(anonymous_29)
FN:294,(anonymous_30)
FN:305,(anonymous_31)
FN:309,(anonymous_32)
FN:327,(anonymous_33)
FN:329,(anonymous_34)
FN:344,(anonymous_35)
FN:346,(anonymous_36)
FN:357,showFormStatus
FN:366,(anonymous_38)
FN:371,handleSubmit
FN:383,(anonymous_40)
FN:436,(anonymous_41)
FN:460,(anonymous_42)
FN:462,(anonymous_43)
FN:471,(anonymous_44)
FN:484,(anonymous_45)
FN:490,(anonymous_46)
FN:499,(anonymous_47)
FN:507,(anonymous_48)
FN:514,(anonymous_49)
FN:521,(anonymous_50)
FN:538,(anonymous_51)
FN:549,(anonymous_52)
FN:551,(anonymous_53)
FN:559,(anonymous_54)
FN:567,(anonymous_55)
FN:575,(anonymous_56)
FN:582,(anonymous_57)
FN:585,(anonymous_58)
FN:586,(anonymous_59)
FN:591,(anonymous_60)
FNF:61
FNH:2
FNDA:17,isValidEmail
FNDA:3,initializeTheme
FNDA:0,(anonymous_2)
FNDA:0,(anonymous_3)
FNDA:0,(anonymous_4)
FNDA:0,(anonymous_5)
FNDA:0,labelCarouselDots
FNDA:0,(anonymous_7)
FNDA:0,(anonymous_8)
FNDA:0,ensureDotLabelsWithMutationObserver
FNDA:0,(anonymous_10)
FNDA:0,pollDotLabels
FNDA:0,(anonymous_12)
FNDA:0,trackEvent
FNDA:0,switchSection
FNDA:0,(anonymous_15)
FNDA:0,(anonymous_16)
FNDA:0,handleImageLoad
FNDA:0,(anonymous_18)
FNDA:0,(anonymous_19)
FNDA:0,(anonymous_20)
FNDA:0,toggleTheme
FNDA:0,(anonymous_22)
FNDA:0,(anonymous_23)
FNDA:0,(anonymous_24)
FNDA:0,(anonymous_25)
FNDA:0,(anonymous_26)
FNDA:0,(anonymous_27)
FNDA:0,(anonymous_28)
FNDA:0,(anonymous_29)
FNDA:0,(anonymous_30)
FNDA:0,(anonymous_31)
FNDA:0,(anonymous_32)
FNDA:0,(anonymous_33)
FNDA:0,(anonymous_34)
FNDA:0,(anonymous_35)
FNDA:0,(anonymous_36)
FNDA:0,showFormStatus
FNDA:0,(anonymous_38)
FNDA:0,handleSubmit
FNDA:0,(anonymous_40)
FNDA:0,(anonymous_41)
FNDA:0,(anonymous_42)
FNDA:0,(anonymous_43)
FNDA:0,(anonymous_44)
FNDA:0,(anonymous_45)
FNDA:0,(anonymous_46)
FNDA:0,(anonymous_47)
FNDA:0,(anonymous_48)
FNDA:0,(anonymous_49)
FNDA:0,(anonymous_50)
FNDA:0,(anonymous_51)
FNDA:0,(anonymous_52)
FNDA:0,(anonymous_53)
FNDA:0,(anonymous_54)
FNDA:0,(anonymous_55)
FNDA:0,(anonymous_56)
FNDA:0,(anonymous_57)
FNDA:0,(anonymous_58)
FNDA:0,(anonymous_59)
FNDA:0,(anonymous_60)
DA:3,17
DA:4,16
DA:7,16
DA:8,16
DA:10,5
DA:12,5
DA:13,5
DA:19,3
DA:22,3
DA:23,3
DA:24,3
DA:26,3
DA:30,1
DA:32,0
DA:34,0
DA:36,0
DA:39,0
DA:52,0
DA:55,0
DA:58,0
DA:74,0
DA:75,0
DA:77,0
DA:78,0
DA:80,0
DA:81,0
DA:82,0
DA:84,0
DA:88,0
DA:91,0
DA:95,0
DA:98,0
DA:99,0
DA:100,0
DA:101,0
DA:102,0
DA:104,0
DA:106,0
DA:111,0
DA:112,0
DA:113,0
DA:114,0
DA:115,0
DA:116,0
DA:117,0
DA:118,0
DA:125,0
DA:126,0
DA:131,0
DA:134,0
DA:135,0
DA:137,0
DA:138,0
DA:139,0
DA:141,0
DA:142,0
DA:150,0
DA:151,0
DA:152,0
DA:157,0
DA:158,0
DA:159,0
DA:161,0
DA:162,0
DA:168,0
DA:169,0
DA:170,0
DA:174,0
DA:175,0
DA:179,0
DA:180,0
DA:182,0
DA:183,0
DA:186,0
DA:187,0
DA:188,0
DA:192,0
DA:193,0
DA:200,0
DA:201,0
DA:202,0
DA:203,0
DA:207,0
DA:208,0
DA:209,0
DA:210,0
DA:211,0
DA:216,0
DA:217,0
DA:218,0
DA:220,0
DA:221,0
DA:223,0
DA:228,0
DA:229,0
DA:230,0
DA:231,0
DA:234,0
DA:235,0
DA:237,0
DA:238,0
DA:239,0
DA:240,0
DA:244,0
DA:245,0
DA:247,0
DA:248,0
DA:250,0
DA:251,0
DA:253,0
DA:254,0
DA:256,0
DA:257,0
DA:262,0
DA:263,0
DA:264,0
DA:265,0
DA:268,0
DA:269,0
DA:270,0
DA:271,0
DA:273,0
DA:276,0
DA:277,0
DA:280,0
DA:281,0
DA:282,0
DA:283,0
DA:286,0
DA:287,0
DA:288,0
DA:289,0
DA:290,0
DA:294,0
DA:295,0
DA:296,0
DA:297,0
DA:298,0
DA:305,0
DA:306,0
DA:309,0
DA:310,0
DA:312,0
DA:313,0
DA:316,0
DA:317,0
DA:320,0
DA:321,0
DA:327,0
DA:329,0
DA:331,0
DA:334,0
DA:335,0
DA:338,0
DA:344,0
DA:345,0
DA:346,0
DA:348,0
DA:351,0
DA:352,0
DA:358,0
DA:359,0
DA:365,0
DA:366,0
DA:372,0
DA:373,0
DA:374,0
DA:375,0
DA:376,0
DA:377,0
DA:380,0
DA:381,0
DA:383,0
DA:384,0
DA:385,0
DA:386,0
DA:387,0
DA:389,0
DA:390,0
DA:394,0
DA:395,0
DA:396,0
DA:397,0
DA:398,0
DA:401,0
DA:402,0
DA:403,0
DA:404,0
DA:406,0
DA:410,0
DA:413,0
DA:414,0
DA:415,0
DA:418,0
DA:420,0
DA:421,0
DA:429,0
DA:430,0
DA:431,0
DA:433,0
DA:434,0
DA:435,0
DA:436,0
DA:440,0
DA:444,0
DA:445,0
DA:447,0
DA:448,0
DA:453,0
DA:454,0
DA:455,0
DA:459,0
DA:460,0
DA:461,0
DA:462,0
DA:463,0
DA:464,0
DA:465,0
DA:471,0
DA:472,0
DA:473,0
DA:474,0
DA:475,0
DA:478,0
DA:479,0
DA:480,0
DA:481,0
DA:484,0
DA:485,0
DA:490,0
DA:491,0
DA:492,0
DA:499,0
DA:500,0
DA:501,0
DA:507,0
DA:508,0
DA:514,0
DA:515,0
DA:521,0
DA:522,0
DA:523,0
DA:525,0
DA:530,0
DA:531,0
DA:532,0
DA:535,0
DA:538,0
DA:539,0
DA:541,0
DA:542,0
DA:546,0
DA:549,0
DA:550,0
DA:551,0
DA:552,0
DA:559,0
DA:560,0
DA:562,0
DA:567,0
DA:568,0
DA:571,0
DA:572,0
DA:575,0
DA:576,0
DA:582,0
DA:583,0
DA:585,0
DA:586,0
DA:587,0
DA:590,0
DA:591,0
DA:592,0
DA:596,0
DA:597,0
DA:600,0
DA:607,1
DA:608,1
LF:278
LH:15
BRDA:3,0,0,1
BRDA:3,0,1,16
BRDA:8,1,0,11
BRDA:8,1,1,5
BRDA:10,2,0,0
BRDA:10,2,1,5
BRDA:12,3,0,0
BRDA:12,3,1,5
BRDA:12,4,0,5
BRDA:12,4,1,5
BRDA:19,5,0,3
BRDA:19,5,1,0
BRDA:22,6,0,3
BRDA:22,6,1,1
BRDA:23,7,0,3
BRDA:23,7,1,0
BRDA:23,8,0,3
BRDA:23,8,1,3
BRDA:30,9,0,0
BRDA:30,9,1,1
BRDA:30,10,0,1
BRDA:30,10,1,1
BRDA:30,10,2,1
BRDA:81,11,0,0
BRDA:81,11,1,0
BRDA:100,12,0,0
BRDA:100,12,1,0
BRDA:100,13,0,0
BRDA:100,13,1,0
BRDA:117,14,0,0
BRDA:117,14,1,0
BRDA:124,15,0,0
BRDA:125,16,0,0
BRDA:125,16,1,0
BRDA:134,17,0,0
BRDA:134,17,1,0
BRDA:141,18,0,0
BRDA:141,18,1,0
BRDA:151,19,0,0
BRDA:151,19,1,0
BRDA:158,20,0,0
BRDA:158,20,1,0
BRDA:179,21,0,0
BRDA:179,21,1,0
BRDA:180,22,0,0
BRDA:180,22,1,0
BRDA:186,23,0,0
BRDA:186,23,1,0
BRDA:189,24,0,0
BRDA:189,24,1,0
BRDA:192,25,0,0
BRDA:192,25,1,0
BRDA:200,26,0,0
BRDA:200,26,1,0
BRDA:201,27,0,0
BRDA:201,27,1,0
BRDA:204,28,0,0
BRDA:204,28,1,0
BRDA:209,29,0,0
BRDA:209,29,1,0
BRDA:209,30,0,0
BRDA:209,30,1,0
BRDA:217,31,0,0
BRDA:217,31,1,0
BRDA:218,32,0,0
BRDA:218,32,1,0
BRDA:221,33,0,0
BRDA:221,33,1,0
BRDA:235,34,0,0
BRDA:235,34,1,0
BRDA:244,35,0,0
BRDA:244,35,1,0
BRDA:245,36,0,0
BRDA:245,36,1,0
BRDA:245,36,2,0
BRDA:245,36,3,0
BRDA:295,37,0,0
BRDA:295,37,1,0
BRDA:310,38,0,0
BRDA:310,38,1,0
BRDA:316,39,0,0
BRDA:316,39,1,0
BRDA:320,40,0,0
BRDA:320,40,1,0
BRDA:320,41,0,0
BRDA:320,41,1,0
BRDA:361,42,0,0
BRDA:361,42,1,0
BRDA:361,43,0,0
BRDA:361,43,1,0
BRDA:365,44,0,0
BRDA:365,44,1,0
BRDA:365,45,0,0
BRDA:365,45,1,0
BRDA:384,46,0,0
BRDA:384,46,1,0
BRDA:395,47,0,0
BRDA:395,47,1,0
BRDA:395,48,0,0
BRDA:395,48,1,0
BRDA:395,48,2,0
BRDA:401,49,0,0
BRDA:401,49,1,0
BRDA:403,50,0,0
BRDA:403,50,1,0
BRDA:429,51,0,0
BRDA:429,51,1,0
BRDA:434,52,0,0
BRDA:434,52,1,0
BRDA:454,53,0,0
BRDA:454,53,1,0
BRDA:463,54,0,0
BRDA:463,54,1,0
BRDA:463,55,0,0
BRDA:463,55,1,0
BRDA:530,56,0,0
BRDA:530,56,1,0
BRDA:541,57,0,0
BRDA:541,57,1,0
BRDA:560,58,0,0
BRDA:560,58,1,0
BRDA:607,59,0,1
BRDA:607,59,1,0
BRDA:607,60,0,1
BRDA:607,60,1,1
BRF:125
BRH:21
end_of_record
